<?xml version="1.0" encoding="UTF-8"?>
<!-- Generated by org.testng.reporters.JUnitReportReporter -->
<testsuite hostname="HP_LAPTOP" failures="0" tests="2" name="Academy.HomePage" time="15.610" errors="0" timestamp="2021-11-20T18:39:46 IST" skipped="0">
  <testcase classname="Academy.HomePage" name="basePageNavigation" time="12.296"/>
  <system-out/>
  <testcase classname="Academy.HomePage" name="basePageNavigation" time="3.314"/>
  <system-out/>
</testsuite> <!-- Academy.HomePage -->
