<?xml version="1.0" encoding="UTF-8"?>
<!-- Generated by org.testng.reporters.JUnitReportReporter -->
<testsuite hostname="HP_LAPTOP" failures="0" tests="1" name="Academy.validateNavigationBar" time="0.083" errors="0" timestamp="2021-11-20T18:39:46 IST" skipped="0">
  <testcase classname="Academy.validateNavigationBar" name="validateAppNavBar" time="0.083"/>
  <system-out/>
</testsuite> <!-- Academy.validateNavigationBar -->
