<?xml version="1.0" encoding="UTF-8"?>
<!-- Generated by org.testng.reporters.JUnitReportReporter -->
<testsuite hostname="HP_LAPTOP" failures="0" tests="1" name="Academy.validateNavigationBar" time="0.082" errors="0" timestamp="21 Nov 2021 07:39:52 GMT">
  <testcase classname="Academy.validateNavigationBar" name="validateAppNavBar" time="0.082"/>
</testsuite> <!-- Academy.validateNavigationBar -->
