<?xml version="1.0" encoding="UTF-8"?>
<!-- Generated by org.testng.reporters.JUnitReportReporter -->
<testsuite hostname="HP_LAPTOP" failures="0" tests="2" name="Academy.HomePage" time="15.763" errors="0" timestamp="21 Nov 2021 07:39:52 GMT">
  <testcase classname="Academy.HomePage" name="basePageNavigation" time="3.567"/>
  <testcase classname="Academy.HomePage" name="basePageNavigation" time="12.196"/>
</testsuite> <!-- Academy.HomePage -->
